19:28:27: Creating resource group General
19:28:27: Creating resource group Internal
19:28:27: Creating resource group Autodetect
19:28:27: SceneManagerFactory for type 'DefaultSceneManager' registered.
19:28:27: Registering ResourceManager for type Material
19:28:27: Registering ResourceManager for type Mesh
19:28:27: Registering ResourceManager for type Skeleton
19:28:27: MovableObjectFactory for type 'ParticleSystem' registered.
19:28:27: OverlayElementFactory for type Panel registered.
19:28:27: OverlayElementFactory for type BorderPanel registered.
19:28:27: OverlayElementFactory for type TextArea registered.
19:28:27: Registering ResourceManager for type Font
19:28:27: ArchiveFactory for archive type FileSystem registered.
19:28:27: ArchiveFactory for archive type Zip registered.
19:28:27: DDS codec registering
19:28:27: FreeImage version: 3.13.1
19:28:27: This program uses FreeImage, a free, open source image library supporting all common bitmap formats. See http://freeimage.sourceforge.net for details
19:28:27: Supported formats: bmp,ico,jpg,jif,jpeg,jpe,jng,koa,iff,lbm,mng,pbm,pbm,pcd,pcx,pgm,pgm,png,ppm,ppm,ras,tga,targa,tif,tiff,wap,wbmp,wbm,psd,cut,xbm,xpm,gif,hdr,g3,sgi,exr,j2k,j2c,jp2,pfm,pct,pict,pic,bay,bmq,cr2,crw,cs1,dc2,dcr,dng,erf,fff,hdr,k25,kdc,mdc,mos,mrw,nef,orf,pef,pxn,raf,raw,rdc,sr2,srf,arw,3fr,cine,ia,kc2,mef,nrw,qtk,rw2,sti,drf,dsc,ptx,cap,iiq,rwz
19:28:27: Registering ResourceManager for type HighLevelGpuProgram
19:28:27: Registering ResourceManager for type Compositor
19:28:27: MovableObjectFactory for type 'Entity' registered.
19:28:27: MovableObjectFactory for type 'Light' registered.
19:28:27: MovableObjectFactory for type 'BillboardSet' registered.
19:28:27: MovableObjectFactory for type 'ManualObject' registered.
19:28:27: MovableObjectFactory for type 'BillboardChain' registered.
19:28:27: MovableObjectFactory for type 'RibbonTrail' registered.
19:28:27: Loading library .\RenderSystem_Direct3D9_d
19:28:27: Installing plugin: D3D9 RenderSystem
19:28:27: D3D9 : Direct3D9 Rendering Subsystem created.
19:28:27: D3D9: Driver Detection Starts
19:28:27: D3D9: Driver Detection Ends
19:28:27: Plugin successfully installed
19:28:27: Loading library .\RenderSystem_GL_d
19:28:28: Installing plugin: GL RenderSystem
19:28:28: OpenGL Rendering Subsystem created.
19:28:28: Plugin successfully installed
19:28:28: Loading library .\Plugin_ParticleFX_d
19:28:28: Installing plugin: ParticleFX
19:28:28: Particle Emitter Type 'Point' registered
19:28:28: Particle Emitter Type 'Box' registered
19:28:28: Particle Emitter Type 'Ellipsoid' registered
19:28:28: Particle Emitter Type 'Cylinder' registered
19:28:28: Particle Emitter Type 'Ring' registered
19:28:28: Particle Emitter Type 'HollowEllipsoid' registered
19:28:28: Particle Affector Type 'LinearForce' registered
19:28:28: Particle Affector Type 'ColourFader' registered
19:28:28: Particle Affector Type 'ColourFader2' registered
19:28:28: Particle Affector Type 'ColourImage' registered
19:28:28: Particle Affector Type 'ColourInterpolator' registered
19:28:28: Particle Affector Type 'Scaler' registered
19:28:28: Particle Affector Type 'Rotator' registered
19:28:28: Particle Affector Type 'DirectionRandomiser' registered
19:28:28: Particle Affector Type 'DeflectorPlane' registered
19:28:28: Plugin successfully installed
19:28:28: Loading library .\Plugin_BSPSceneManager_d
19:28:28: Installing plugin: BSP Scene Manager
19:28:28: Plugin successfully installed
19:28:28: Loading library .\Plugin_CgProgramManager_d
19:28:28: Installing plugin: Cg Program Manager
19:28:28: Plugin successfully installed
19:28:28: Loading library .\Plugin_PCZSceneManager_d
19:28:28: Installing plugin: Portal Connected Zone Scene Manager
19:28:28: PCZone Factory Type 'ZoneType_Default' registered
19:28:28: Plugin successfully installed
19:28:28: Loading library .\Plugin_OctreeZone_d
19:28:28: Installing plugin: Octree Zone Factory
19:28:28: Plugin successfully installed
19:28:28: Loading library .\Plugin_OctreeSceneManager_d
19:28:28: Installing plugin: Octree & Terrain Scene Manager
19:28:28: Plugin successfully installed
19:28:28: *-*-* OGRE Initialising
19:28:28: *-*-* Version 1.7.1 (Cthugha)
19:28:28: Creating resource group Essential
19:28:28: Added resource location '../../media/thumbnails' of type 'FileSystem' to resource group 'Essential'
19:28:28: Added resource location '../../media/packs/SdkTrays.zip' of type 'Zip' to resource group 'Essential'
19:28:28: Added resource location '../../media' of type 'FileSystem' to resource group 'General'
19:28:28: Creating resource group Popular
19:28:28: Added resource location '../../media/fonts' of type 'FileSystem' to resource group 'Popular'
19:28:28: Added resource location '../../media/materials/programs' of type 'FileSystem' to resource group 'Popular'
19:28:28: Added resource location '../../media/materials/scripts' of type 'FileSystem' to resource group 'Popular'
19:28:28: Added resource location '../../media/materials/textures' of type 'FileSystem' to resource group 'Popular'
19:28:28: Added resource location '../../media/materials/textures/nvidia' of type 'FileSystem' to resource group 'Popular'
19:28:28: Added resource location '../../media/models' of type 'FileSystem' to resource group 'Popular'
19:28:28: Added resource location '../../media/particle' of type 'FileSystem' to resource group 'Popular'
19:28:28: Added resource location '../../media/DeferredShadingMedia' of type 'FileSystem' to resource group 'Popular'
19:28:28: Added resource location '../../media/PCZAppMedia' of type 'FileSystem' to resource group 'Popular'
19:28:28: Added resource location '../../media/RTShaderLib' of type 'FileSystem' to resource group 'Popular'
19:28:28: Added resource location '../../media/RTShaderLib/materials' of type 'FileSystem' to resource group 'Popular'
19:28:28: Added resource location '../../media/packs/cubemap.zip' of type 'Zip' to resource group 'Popular'
19:28:28: Added resource location '../../media/packs/cubemapsJS.zip' of type 'Zip' to resource group 'Popular'
19:28:28: Added resource location '../../media/packs/dragon.zip' of type 'Zip' to resource group 'Popular'
19:28:28: Added resource location '../../media/packs/fresneldemo.zip' of type 'Zip' to resource group 'Popular'
19:28:28: Added resource location '../../media/packs/ogretestmap.zip' of type 'Zip' to resource group 'Popular'
19:28:28: Added resource location '../../media/packs/ogredance.zip' of type 'Zip' to resource group 'Popular'
19:28:28: Added resource location '../../media/packs/Sinbad.zip' of type 'Zip' to resource group 'Popular'
19:28:28: Added resource location '../../media/packs/skybox.zip' of type 'Zip' to resource group 'Popular'
19:28:28: D3D9 : RenderSystem Option: Allow NVPerfHUD = No
19:28:28: D3D9 : RenderSystem Option: FSAA = 0
19:28:28: D3D9 : RenderSystem Option: Floating-point mode = Fastest
19:28:28: D3D9 : RenderSystem Option: Full Screen = No
19:28:28: D3D9 : RenderSystem Option: Rendering Device = Monitor-1-RADEON X600 256MB HyperMemory
19:28:28: D3D9 : RenderSystem Option: Resource Creation Policy = Create on all devices
19:28:28: D3D9 : RenderSystem Option: VSync = No
19:28:28: D3D9 : RenderSystem Option: VSync Interval = 1
19:28:28: D3D9 : RenderSystem Option: Video Mode = 800 x 600 @ 32-bit colour
19:28:28: D3D9 : RenderSystem Option: sRGB Gamma Conversion = No
19:28:36: CPU Identifier & Features
19:28:36: -------------------------
19:28:36:  *   CPU ID: GenuineIntel: Intel(R) Pentium(R) 4 CPU 3.00GHz
19:28:36:  *      SSE: yes
19:28:36:  *     SSE2: yes
19:28:36:  *     SSE3: yes
19:28:36:  *      MMX: yes
19:28:36:  *   MMXEXT: yes
19:28:36:  *    3DNOW: no
19:28:36:  * 3DNOWEXT: no
19:28:36:  *     CMOV: yes
19:28:36:  *      TSC: yes
19:28:36:  *      FPU: yes
19:28:36:  *      PRO: yes
19:28:36:  *       HT: yes
19:28:36: -------------------------
19:28:36: D3D9 : Subsystem Initialising
19:28:36: Registering ResourceManager for type Texture
19:28:36: Registering ResourceManager for type GpuProgram
19:28:36: D3D9RenderSystem::_createRenderWindow "Tutorial4 Render Window", 800x600 windowed  miscParams: FSAA=0 FSAAHint= colourDepth=32 gamma=false monitorIndex=0 useNVPerfHUD=false vsync=false vsyncInterval=1 
19:28:36: D3D9 : Created D3D9 Rendering Window 'Tutorial4 Render Window' : 800x600, 32bpp
19:28:36: D3D9 : WARNING - disabling VSync in windowed mode can cause timing issues at lower frame rates, turn VSync on if you observe this problem.
19:28:36: RenderSystem capabilities
19:28:36: -------------------------
19:28:36: RenderSystem Name: Direct3D9 Rendering Subsystem
19:28:36: GPU Vendor: ati
19:28:36: Device Name: Monitor-1-RADEON X600 256MB HyperMemory
19:28:36: Driver Version: 6.14.10.6601
19:28:36:  * Fixed function pipeline: yes
19:28:36:  * Hardware generation of mipmaps: yes
19:28:36:  * Texture blending: yes
19:28:36:  * Anisotropic texture filtering: yes
19:28:36:  * Dot product texture operation: yes
19:28:36:  * Cube mapping: yes
19:28:36:  * Hardware stencil buffer: yes
19:28:36:    - Stencil depth: 8
19:28:36:    - Two sided stencil support: yes
19:28:36:    - Wrap stencil values: yes
19:28:36:  * Hardware vertex / index buffers: yes
19:28:36:  * Vertex programs: yes
19:28:36:  * Number of floating-point constants for vertex programs: 256
19:28:36:  * Number of integer constants for vertex programs: 16
19:28:36:  * Number of boolean constants for vertex programs: 16
19:28:36:  * Fragment programs: yes
19:28:36:  * Number of floating-point constants for fragment programs: 32
19:28:36:  * Number of integer constants for fragment programs: 16
19:28:36:  * Number of boolean constants for fragment programs: 16
19:28:36:  * Geometry programs: no
19:28:36:  * Number of floating-point constants for geometry programs: 52428
19:28:36:  * Number of integer constants for geometry programs: 52428
19:28:36:  * Number of boolean constants for geometry programs: 52428
19:28:36:  * Supported Shader Profiles: hlsl ps_1_1 ps_1_2 ps_1_3 ps_1_4 ps_2_0 vs_1_1 vs_2_0
19:28:36:  * Texture Compression: yes
19:28:36:    - DXT: yes
19:28:36:    - VTC: no
19:28:36:    - PVRTC: no
19:28:36:  * Scissor Rectangle: yes
19:28:36:  * Hardware Occlusion Query: yes
19:28:36:  * User clip planes: yes
19:28:36:  * VET_UBYTE4 vertex element type: yes
19:28:36:  * Infinite far plane projection: yes
19:28:36:  * Hardware render-to-texture: yes
19:28:36:  * Floating point textures: yes
19:28:36:  * Non-power-of-two textures: yes (limited)
19:28:36:  * Volume textures: yes
19:28:36:  * Multiple Render Targets: 4
19:28:36:    - With different bit depths: no
19:28:36:  * Point Sprites: yes
19:28:36:  * Extended point parameters: yes
19:28:36:  * Max Point Size: 10
19:28:36:  * Vertex texture fetch: no
19:28:36:  * Number of world matrices: 0
19:28:36:  * Number of texture units: 8
19:28:36:  * Stencil buffer depth: 8
19:28:36:  * Number of vertex blend matrices: 0
19:28:36:  * Render to Vertex Buffer : no
19:28:36:  * DirectX per stage constants: no
19:28:36: ***************************************
19:28:36: *** D3D9 : Subsystem Initialised OK ***
19:28:36: ***************************************
19:28:36: DefaultWorkQueue('Root') initialising on thread 00159DF0.
19:28:36: DefaultWorkQueue('Root')::WorkerFunc - thread 001DBA58 starting.
19:28:36: DefaultWorkQueue('Root')::WorkerFunc - thread 001DBA98 starting.
19:28:36: Particle Renderer Type 'billboard' registered
19:28:36: SceneManagerFactory for type 'BspSceneManager' registered.
19:28:36: Registering ResourceManager for type BspLevel
19:28:36: SceneManagerFactory for type 'PCZSceneManager' registered.
19:28:36: MovableObjectFactory for type 'PCZLight' registered.
19:28:36: MovableObjectFactory for type 'Portal' registered.
19:28:36: MovableObjectFactory for type 'AntiPortal' registered.
19:28:36: PCZone Factory Type 'ZoneType_Octree' registered
19:28:36: PCZone Factory Type 'ZoneType_Terrain' registered
19:28:36: SceneManagerFactory for type 'OctreeSceneManager' registered.
19:28:36: SceneManagerFactory for type 'TerrainSceneManager' registered.
19:28:36: Parsing scripts for resource group Autodetect
19:28:36: Finished parsing scripts for resource group Autodetect
19:28:36: Parsing scripts for resource group Essential
19:28:36: Parsing script SdkTrays.material
19:28:36: Parsing script SdkTrays.fontdef
19:28:36: Parsing script SdkTrays.overlay
19:28:36: Bad element attribute line: '# you can offset the image to change the cursor "hotspot"' for element SdkTrays/Cursor in overlay 
19:28:36: Texture: sdk_cursor.png: Loading 1 faces(PF_A8R8G8B8,32x32x1) with  hardware generated mipmaps from Image. Internal format is PF_A8R8G8B8,32x32x1.
19:28:36: Texture: sdk_tray.png: Loading 1 faces(PF_A8R8G8B8,64x64x1) with  hardware generated mipmaps from Image. Internal format is PF_A8R8G8B8,64x64x1.
19:28:36: Texture: sdk_button_up.png: Loading 1 faces(PF_A8R8G8B8,128x32x1) with  hardware generated mipmaps from Image. Internal format is PF_A8R8G8B8,128x32x1.
19:28:36: Texture: sdk_text_box.png: Loading 1 faces(PF_A8R8G8B8,32x32x1) with  hardware generated mipmaps from Image. Internal format is PF_A8R8G8B8,32x32x1.
19:28:36: Texture: sdk_mini_tray.png: Loading 1 faces(PF_A8R8G8B8,32x32x1) with  hardware generated mipmaps from Image. Internal format is PF_A8R8G8B8,32x32x1.
19:28:36: Texture: sdk_track.png: Loading 1 faces(PF_A8R8G8B8,16x32x1) with  hardware generated mipmaps from Image. Internal format is PF_A8R8G8B8,16x32x1.
19:28:36: Texture: sdk_handle.png: Loading 1 faces(PF_A8R8G8B8,16x16x1) with  hardware generated mipmaps from Image. Internal format is PF_A8R8G8B8,16x16x1.
19:28:36: Texture: sdk_mini_text_box.png: Loading 1 faces(PF_A8R8G8B8,32x32x1) with  hardware generated mipmaps from Image. Internal format is PF_A8R8G8B8,32x32x1.
19:28:36: Texture: sdk_label.png: Loading 1 faces(PF_A8R8G8B8,32x32x1) with  hardware generated mipmaps from Image. Internal format is PF_A8R8G8B8,32x32x1.
19:28:36: Texture: sdk_separator.png: Loading 1 faces(PF_A8R8G8B8,64x16x1) with  hardware generated mipmaps from Image. Internal format is PF_A8R8G8B8,64x16x1.
19:28:36: Texture: sdk_logo.png: Loading 1 faces(PF_A8R8G8B8,128x64x1) with  hardware generated mipmaps from Image. Internal format is PF_A8R8G8B8,128x64x1.
19:28:36: D3D9 : ***** Dimensions altered by the render system
19:28:36: D3D9 : ***** Source image dimensions : 64x48
19:28:36: D3D9 : ***** Texture dimensions : 64x64
19:28:36: Texture: sdk_shade.png: Loading 1 faces(PF_A8R8G8B8,64x48x1) with 5 generated mipmaps from Image. Internal format is PF_A8R8G8B8,64x64x1.
19:28:36: Texture: sdk_frame.png: Loading 1 faces(PF_A8R8G8B8,32x32x1) with  hardware generated mipmaps from Image. Internal format is PF_A8R8G8B8,32x32x1.
19:28:36: Texture: sdk_mini_text_box_over.png: Loading 1 faces(PF_A8R8G8B8,32x32x1) with  hardware generated mipmaps from Image. Internal format is PF_A8R8G8B8,32x32x1.
19:28:36: Texture: sdk_pulse.png: Loading 1 faces(PF_R8G8B8,8x1x1) with  hardware generated mipmaps from Image. Internal format is PF_X8R8G8B8,8x1x1.
19:28:36: Finished parsing scripts for resource group Essential
19:28:36: Parsing scripts for resource group General
19:28:36: Finished parsing scripts for resource group General
19:28:36: Parsing scripts for resource group Internal
19:28:36: Finished parsing scripts for resource group Internal
19:28:36: Parsing scripts for resource group Popular
19:28:37: Parsing script Examples.program
19:28:37: Parsing script StdQuad_vp.program
19:28:37: Parsing script deferred_post.program
19:28:37: Parsing script ShadowCaster.program
19:28:37: Parsing script ASCII.material
19:28:37: Parsing script ASMSwizzle.material
19:28:37: Compiler error: object unsupported by render system in ASMSwizzle.material(1)
19:28:37: Parsing script BlackAndWhite.material
19:28:37: Parsing script Bloom.material
19:28:37: Parsing script Bloom2.material
19:28:38: Parsing script CGSwizzle.material
19:28:38: Parsing script CompositorDemo.material
19:28:38: Parsing script DepthShadowmap.material
19:28:38: Parsing script Dither.material
19:28:38: Parsing script DOF.material
19:28:38: Parsing script Embossed.material
19:28:38: Parsing script Example-Water.material
19:28:38: Parsing script Examples-Advanced.material
19:28:39: Parsing script Examples-DynTex.material
19:28:39: Parsing script Examples-Water.material
19:28:39: Parsing script Examples.material
19:28:39: OGRE EXCEPTION(2:InvalidParametersException): Parameter called camObjPos does not exist.  in GpuProgramParameters::_findNamedConstantDefinition at ..\..\..\..\OgreMain\src\OgreGpuProgramParams.cpp (line 1433)
19:28:39: Compiler error: invalid parameters in Examples.material(837): setting of constant failed
19:28:39: Parsing script facial.material
19:28:40: Parsing script Glass.material
19:28:40: Parsing script GLSLSwizzle.material
19:28:40: Parsing script Halftone.material
19:28:40: Parsing script hdr.material
19:28:40: Parsing script HeatVision.material
19:28:40: Parsing script Hurt.material
19:28:40: Parsing script instancing.material
19:28:41: Parsing script Invert.material
19:28:41: Parsing script IsoSurf.material
19:28:41: Parsing script Laplace.material
19:28:41: Parsing script MotionBlur.material
19:28:41: Parsing script MRTtest.material
19:28:41: Parsing script NightVision.material
19:28:41: Parsing script Ocean.material
19:28:41: Parsing script OffsetMapping.material
19:28:42: Parsing script Ogre.material
19:28:42: Parsing script OldMovie.material
19:28:42: Parsing script OldTV.material
19:28:42: Parsing script ParticleGS.material
19:28:42: OGRE EXCEPTION(7:InternalErrorException): Unable to compile Cg program Ogre/ParticleGS/GenerateVS: CG ERROR : "The compile returned an error."
(0) : error C6015: Output 'POSITION' not completely written
 in CgProgram::loadFromSource at ..\..\..\..\..\PlugIns\CgProgramManager\src\OgreCgProgramManagerDll.cpp (line 67)
19:28:42: High-level program Ogre/ParticleGS/GenerateVS encountered an error during loading and is thus not supported.
OGRE EXCEPTION(7:InternalErrorException): Unable to compile Cg program Ogre/ParticleGS/GenerateVS: CG ERROR : "The compile returned an error."
(0) : error C6015: Output 'POSITION' not completely written
 in CgProgram::loadFromSource at ..\..\..\..\..\PlugIns\CgProgramManager\src\OgreCgProgramManagerDll.cpp (line 67)
19:28:42: OGRE EXCEPTION(7:InternalErrorException): Unable to compile Cg program Ogre/ParticleGS/DisplayVS: CG ERROR : "The compile returned an error."
(249) : warning C7050: "output.color" might be used before being initialized
(0) : error C6015: Output 'POSITION' not completely written
 in CgProgram::loadFromSource at ..\..\..\..\..\PlugIns\CgProgramManager\src\OgreCgProgramManagerDll.cpp (line 67)
19:28:42: High-level program Ogre/ParticleGS/DisplayVS encountered an error during loading and is thus not supported.
OGRE EXCEPTION(7:InternalErrorException): Unable to compile Cg program Ogre/ParticleGS/DisplayVS: CG ERROR : "The compile returned an error."
(249) : warning C7050: "output.color" might be used before being initialized
(0) : error C6015: Output 'POSITION' not completely written
 in CgProgram::loadFromSource at ..\..\..\..\..\PlugIns\CgProgramManager\src\OgreCgProgramManagerDll.cpp (line 67)
19:28:42: OGRE EXCEPTION(7:InternalErrorException): Unable to compile Cg program Ogre/ParticleGS/DisplayPS: CG ERROR : "The compile returned an error."
(323) : fatal error C9999: unexpected cast operation
 in CgProgram::loadFromSource at ..\..\..\..\..\PlugIns\CgProgramManager\src\OgreCgProgramManagerDll.cpp (line 67)
19:28:42: High-level program Ogre/ParticleGS/DisplayPS encountered an error during loading and is thus not supported.
OGRE EXCEPTION(7:InternalErrorException): Unable to compile Cg program Ogre/ParticleGS/DisplayPS: CG ERROR : "The compile returned an error."
(323) : fatal error C9999: unexpected cast operation
 in CgProgram::loadFromSource at ..\..\..\..\..\PlugIns\CgProgramManager\src\OgreCgProgramManagerDll.cpp (line 67)
19:28:42: Parsing script Penguin.material
19:28:42: Parsing script Posterize.material
19:28:42: Parsing script pssm.material
19:28:42: Parsing script RadialBlur.material
19:28:42: Parsing script RZR-002.material
19:28:42: Parsing script ShaderSystem.material
19:28:42: Parsing script shadows.material
19:28:42: Parsing script SharpenEdges.material
19:28:42: Parsing script sibenik.material
19:28:42: Parsing script smoke.material
19:28:42: Parsing script Tiling.material
19:28:42: Parsing script VarianceShadowmap.material
19:28:42: Parsing script deferreddemo.material
19:28:42: Parsing script deferred_post.material
19:28:42: Parsing script deferred_post_minilight.material
19:28:42: Parsing script ShadowCaster.material
19:28:42: Parsing script ssao.material
19:28:42: Parsing script ROOM.material
19:28:42: Parsing script RTShaderSystem.material
19:28:42: Compiler error: unknown error in RTShaderSystem.material(23): token "rtshader_system" is not recognized
19:28:42: Compiler error: unknown error in RTShaderSystem.material(52): token "rtshader_system" is not recognized
19:28:42: Compiler error: unknown error in RTShaderSystem.material(81): token "rtshader_system" is not recognized
19:28:42: Compiler error: unknown error in RTShaderSystem.material(110): token "rtshader_system" is not recognized
19:28:42: Compiler error: unknown error in RTShaderSystem.material(146): token "rtshader_system" is not recognized
19:28:42: Compiler error: unknown error in RTShaderSystem.material(81): token "rtshader_system" is not recognized
19:28:42: Compiler error: unknown error in RTShaderSystem.material(162): token "rtshader_system" is not recognized
19:28:42: Compiler error: unknown error in RTShaderSystem.material(81): token "rtshader_system" is not recognized
19:28:42: Compiler error: unknown error in RTShaderSystem.material(110): token "rtshader_system" is not recognized
19:28:42: Parsing script RomanBath.material
19:28:42: Parsing script Sinbad.material
19:28:42: Parsing script emitted_emitter.particle
19:28:43: Parsing script Examples-Water.particle
19:28:43: Parsing script Examples.particle
19:28:43: Parsing script smoke.particle
19:28:43: Parsing script Examples.compositor
19:28:43: Parsing script deferred.compositor
19:28:43: Parsing script ssao.compositor
19:28:43: Parsing script sample.fontdef
19:28:43: Finished parsing scripts for resource group Popular
19:28:43: *** Initializing OIS ***
19:28:43: Font SdkTrays/Captionusing texture size 512x256
19:28:43: Info: Freetype returned null for character 160 in font SdkTrays/Caption
19:28:43: Texture: SdkTrays/CaptionTexture: Loading 1 faces(PF_BYTE_LA,512x256x1) with 0 generated mipmaps from Image. Internal format is PF_BYTE_LA,512x256x1.
19:28:43: Font SdkTrays/Valueusing texture size 512x512
19:28:43: Info: Freetype returned null for character 127 in font SdkTrays/Value
19:28:43: Info: Freetype returned null for character 128 in font SdkTrays/Value
19:28:43: Info: Freetype returned null for character 129 in font SdkTrays/Value
19:28:43: Info: Freetype returned null for character 130 in font SdkTrays/Value
19:28:43: Info: Freetype returned null for character 131 in font SdkTrays/Value
19:28:43: Info: Freetype returned null for character 132 in font SdkTrays/Value
19:28:43: Info: Freetype returned null for character 133 in font SdkTrays/Value
19:28:43: Info: Freetype returned null for character 134 in font SdkTrays/Value
19:28:43: Info: Freetype returned null for character 135 in font SdkTrays/Value
19:28:43: Info: Freetype returned null for character 136 in font SdkTrays/Value
19:28:43: Info: Freetype returned null for character 137 in font SdkTrays/Value
19:28:43: Info: Freetype returned null for character 138 in font SdkTrays/Value
19:28:43: Info: Freetype returned null for character 139 in font SdkTrays/Value
19:28:43: Info: Freetype returned null for character 140 in font SdkTrays/Value
19:28:43: Info: Freetype returned null for character 141 in font SdkTrays/Value
19:28:43: Info: Freetype returned null for character 142 in font SdkTrays/Value
19:28:43: Info: Freetype returned null for character 143 in font SdkTrays/Value
19:28:43: Info: Freetype returned null for character 144 in font SdkTrays/Value
19:28:43: Info: Freetype returned null for character 145 in font SdkTrays/Value
19:28:43: Info: Freetype returned null for character 146 in font SdkTrays/Value
19:28:43: Info: Freetype returned null for character 147 in font SdkTrays/Value
19:28:43: Info: Freetype returned null for character 148 in font SdkTrays/Value
19:28:43: Info: Freetype returned null for character 149 in font SdkTrays/Value
19:28:43: Info: Freetype returned null for character 150 in font SdkTrays/Value
19:28:43: Info: Freetype returned null for character 151 in font SdkTrays/Value
19:28:43: Info: Freetype returned null for character 152 in font SdkTrays/Value
19:28:43: Info: Freetype returned null for character 153 in font SdkTrays/Value
19:28:43: Info: Freetype returned null for character 154 in font SdkTrays/Value
19:28:43: Info: Freetype returned null for character 155 in font SdkTrays/Value
19:28:43: Info: Freetype returned null for character 156 in font SdkTrays/Value
19:28:43: Info: Freetype returned null for character 157 in font SdkTrays/Value
19:28:43: Info: Freetype returned null for character 158 in font SdkTrays/Value
19:28:43: Info: Freetype returned null for character 159 in font SdkTrays/Value
19:28:43: Info: Freetype returned null for character 160 in font SdkTrays/Value
19:28:43: Texture: SdkTrays/ValueTexture: Loading 1 faces(PF_BYTE_LA,512x512x1) with 0 generated mipmaps from Image. Internal format is PF_BYTE_LA,512x512x1.
19:28:43: Mesh: Loading ninja.mesh.
19:28:43: Skeleton: Loading ninja.skeleton
19:28:44: Texture: nskingr.jpg: Loading 1 faces(PF_R8G8B8,512x512x1) with  hardware generated mipmaps from Image. Internal format is PF_X8R8G8B8,512x512x1.
